make all --print-data-base --no-builtin-variables --no-builtin-rules --question
Makefile:17: *** missing separator.  Stop.

# GNU Make 4.3
# Built for x86_64-pc-linux-gnu
# Copyright (C) 1988-2020 Free Software Foundation, Inc.
# License GPLv3+: GNU GPL version 3 or later <http://gnu.org/licenses/gpl.html>
# This is free software: you are free to change and redistribute it.
# There is NO WARRANTY, to the extent permitted by law.

# Make data base, printed on Sat Jun 11 17:32:18 2022

# Variables

# environment
GDK_BACKEND = x11
# environment
LC_ALL = C
# environment
GNOME_SHELL_SESSION_MODE = ubuntu
# environment
SSH_AGENT_LAUNCHER = gnome-keyring
# environment
SNAP_INSTANCE_KEY = 
# environment
GJS_DEBUG_OUTPUT = stderr
# environment
VSCODE_IPC_HOOK_EXTHOST = /run/user/1000/vscode-ipc-112c6dd4-339a-471b-afad-e7289fe0ad89.sock
# environment
MANDATORY_PATH = /usr/share/gconf/ubuntu.mandatory.path
# environment
LC_NAME = pt_PT.UTF-8
# environment
LC_NUMERIC = pt_PT.UTF-8
# environment
VSCODE_CWD = /home/francisco
# environment
WINDOWPATH = 2
# environment
LC_ADDRESS = pt_PT.UTF-8
# default
MAKE_COMMAND := make
# environment
QT_ACCESSIBILITY = 1
# automatic
@D = $(patsubst %/,%,$(dir $@))
# environment
SNAP_INSTANCE_NAME = code
# environment
GDK_PIXBUF_MODULEDIR = /snap/code/98/usr/lib/x86_64-linux-gnu/gdk-pixbuf-2.0/2.10.0/loaders
# environment
VSCODE_HANDLES_UNCAUGHT_ERRORS = true
# default
.VARIABLES := 
# environment
PWD = /home/francisco/g07/lab4
# automatic
%D = $(patsubst %/,%,$(dir $%))
# environment
XDG_DATA_DIRS = /usr/share/ubuntu:/usr/share/gnome:/usr/local/share/:/usr/share/:/var/lib/snapd/desktop
# automatic
^D = $(patsubst %/,%,$(dir $^))
# environment
VSCODE_LOG_STACK = false
# automatic
%F = $(notdir $%)
# environment
VSCODE_CODE_CACHE_PATH = /home/francisco/.config/Code/CachedData/4af164ea3a06f701fe3e89a2bcbb421d2026b68f
# environment
LANG = C
# environment
XAUTHORITY = /run/user/1000/gdm/Xauthority
# default
.LOADED := 
# default
.INCLUDE_DIRS = /usr/local/include /usr/include /usr/include
# makefile
MAKEFLAGS = pqrR
# makefile
CURDIR := /home/francisco/g07/lab4
# environment
VSCODE_PIPE_LOGGING = true
# environment
APPLICATION_INSIGHTS_NO_DIAGNOSTIC_CHANNEL = 1
# environment
LESSOPEN = | /usr/bin/lesspipe %s
# makefile (from 'Makefile', line 5)
SRCS = lab4.c mouse.c
# automatic
*D = $(patsubst %/,%,$(dir $*))
# environment
MFLAGS = -pqrR
# environment
SSH_AUTH_SOCK = /run/user/1000/keyring/ssh
# default
.SHELLFLAGS := -c
# environment
XDG_CONFIG_DIRS = /etc/xdg/xdg-ubuntu:/etc/xdg
# automatic
+D = $(patsubst %/,%,$(dir $+))
# makefile (from 'Makefile', line 13)
DPADD = ${LIBLCF}
# environment
XDG_SESSION_DESKTOP = ubuntu
# makefile (from 'Makefile', line 1)
MAKEFILE_LIST := Makefile
# environment
SNAP_REEXEC = 
# automatic
@F = $(notdir $@)
# environment
VSCODE_VERBOSE_LOGGING = true
# environment
VSCODE_PID = 6108
# environment
XDG_SESSION_TYPE = x11
# automatic
?D = $(patsubst %/,%,$(dir $?))
# environment
BAMF_DESKTOP_FILE_HINT = /var/lib/snapd/desktop/applications/code_code.desktop
# environment
SESSION_MANAGER = local/francisco-System-Product-Name:@/tmp/.ICE-unix/2478,unix/francisco-System-Product-Name:/tmp/.ICE-unix/2478
# automatic
*F = $(notdir $*)
# environment
CHROME_DESKTOP = code-url-handler.desktop
# environment
DBUS_SESSION_BUS_ADDRESS = unix:path=/run/user/1000/bus
# automatic
<D = $(patsubst %/,%,$(dir $<))
# environment
VSCODE_NLS_CONFIG = {"locale":"en-us","availableLanguages":{},"_languagePackSupport":true}
# default
MAKE_HOST := x86_64-pc-linux-gnu
# environment
GNOME_DESKTOP_SESSION_ID = this-is-deprecated
# makefile
SHELL = /bin/sh
# default
MAKECMDGOALS := all
# environment
XMODIFIERS = @im=ibus
# environment
GJS_DEBUG_TOPICS = JS ERROR;JS LOG
# environment
SHLVL = 0
# environment
MAKELEVEL := 0
# default
MAKE = $(MAKE_COMMAND)
# environment
SNAP_COOKIE = 7graGYqYDIZdMV-FsCxJI0yxeCVLBeRJZrttEXJQEbsRN69aFpSi
# environment
PATH = /usr/local/sbin:/usr/local/bin:/usr/sbin:/usr/bin:/sbin:/bin:/usr/games:/usr/local/games:/snap/bin:/snap/bin
# default
MAKEFILES := 
# environment
LC_MONETARY = pt_PT.UTF-8
# automatic
^F = $(notdir $^)
# environment
SNAP_USER_COMMON = /home/francisco/snap/code/common
# environment
LC_TIME = pt_PT.UTF-8
# environment
SNAP = /snap/code/98
# environment
INVOCATION_ID = 18b4ca60a1e84f72bf61cab37e9c470e
# environment
SNAP_REVISION = 98
# environment
SNAP_REAL_HOME = /home/francisco
# environment
VSCODE_LOG_NATIVE = false
# environment
USERNAME = francisco
# environment
LC_TELEPHONE = pt_PT.UTF-8
# environment
LESSCLOSE = /usr/bin/lesspipe %s %s
# automatic
?F = $(notdir $?)
# environment
XDG_CURRENT_DESKTOP = Unity
# makefile (from 'Makefile', line 2)
PROG = lab4
# environment
LS_COLORS = 
# automatic
+F = $(notdir $+)
# environment
DESKTOP_SESSION = ubuntu
# environment
 
ORIGINAL_XDG_CURRENT_DESKTOP = ubuntu:GNOME
# environment
GNUMAKEFLAGS := 
# environment
LOGNAME = francisco
# makefile (from 'Makefile', line 10)
CPPFLAGS = -D LAB4
# environment
GIO_LAUNCHED_DESKTOP_FILE = /var/lib/snapd/desktop/applications/code_code.desktop
# environment
SNAP_ARCH = amd64
# makefile
.DEFAULT_GOAL := 
# environment
SYSTEMD_EXEC_PID = 2534
# environment
DISPLAY = :1
# environment
USER = francisco
# environment
GTK_MODULES = gail:atk-bridge
# environment
DEFAULTS_PATH = /usr/share/gconf/ubuntu.default.path
# default
MAKE_VERSION := 4.3
# environment
DISABLE_WAYLAND = 1
# environment
SNAP_DATA = /var/snap/code/98
# environment
SNAP_CONTEXT = 7graGYqYDIZdMV-FsCxJI0yxeCVLBeRJZrttEXJQEbsRN69aFpSi
# environment
MANAGERPID = 2174
# environment
LC_MEASUREMENT = pt_PT.UTF-8
# environment
GIO_LAUNCHED_DESKTOP_FILE_PID = 6061
# environment
_ = /snap/code/98/usr/share/code/code
# environment
LC_PAPER = pt_PT.UTF-8
# environment
XDG_RUNTIME_DIR = /run/user/1000
# makefile (from 'Makefile', line 9)
CFLAGS = -pedantic
# environment
GPG_AGENT_INFO = /run/user/1000/gnupg/S.gpg-agent:0:1
# environment
GDK_PIXBUF_MODULE_FILE = /home/francisco/snap/code/common/.cache/gdk-pixbuf-loaders.cache
# environment
LC_CTYPE = pt_PT.UTF-8
# environment
JOURNAL_STREAM = 8:45179
# environment
XDG_SESSION_CLASS = user
# environment
VSCODE_AMD_ENTRYPOINT = vs/workbench/api/node/extensionHostProcess
# environment
HOME = /home/francisco
# environment
QT_IM_MODULE = ibus
# environment
ELECTRON_RUN_AS_NODE = 1
# environment
VSCODE_IPC_HOOK = /run/user/1000/vscode-b21c1e42-1.68.0-main.sock
# environment
SNAP_NAME = code
# environment
GSETTINGS_SCHEMA_DIR = /snap/code/98/usr/share/glib-2.0/schemas
# default
.RECIPEPREFIX := 
# automatic
<F = $(notdir $<)
# environment
SNAP_VERSION = 4af164ea
# default
SUFFIXES := 
# environment
VSCODE_CLI = 1
# environment
ELECTRON_NO_ATTACH_CONSOLE = 1
# environment
SNAP_COMMON = /var/snap/code/common
# default
.FEATURES := target-specific order-only second-expansion else-if shortest-stem undefine oneshell nocomment grouped-target extra-prereqs archives jobserver output-sync check-symlink load
# environment
SNAP_USER_DATA = /home/francisco/snap/code/98
# environment
XDG_MENU_PREFIX = gnome-
# makefile (from 'Makefile', line 14)
LDADD = -llcf
# environment
GDMSESSION = ubuntu
# environment
LC_IDENTIFICATION = pt_PT.UTF-8
# environment
SNAP_LIBRARY_PATH = /var/lib/snapd/lib/gl:/var/lib/snapd/lib/gl32:/var/lib/snapd/void
# variable set hash-table stats:
# Load=138/1024=13%, Rehash=0, Collisions=8/155=5%

# Pattern-specific Variable Values

# No pattern-specific variable values.

# Directories

# . (device 66311, inode 3284089): 15 files, no impossibilities.

# 15 files, no impossibilities in 1 directories.

# Implicit Rules

# No implicit rules.

# Files

# Not a target:
Makefile:
#  Implicit rule search has not been done.
#  Modification time never checked.
#  File has not been updated.

# Not a target:
.DEFAULT:
#  Implicit rule search has not been done.
#  Modification time never checked.
#  File has not been updated.

# Not a target:
all:
#  Command line target.
#  Implicit rule search has not been done.
#  Modification time never checked.
#  File has not been updated.

# files hash-table stats:
# Load=4/1024=0%, Rehash=0, Collisions=0/5=0%
# VPATH Search Paths

# No 'vpath' search paths.

# No general ('VPATH' variable) search path.

# strcache buffers: 1 (0) / strings = 20 / storage = 172 B / avg = 8 B
# current buf: size = 8162 B / used = 172 B / count = 20 / avg = 8 B

# strcache performance: lookups = 24 / hit rate = 16%
# hash-table stats:
# Load=20/8192=0%, Rehash=0, Collisions=0/24=0%
# Finished Make data base on Sat Jun 11 17:32:18 2022

 
